[debug] [2024-08-12T05:04:34.464Z] ----------------------------------------------------------------------
[debug] [2024-08-12T05:04:34.468Z] Command:       C:\Program Files\nodejs\node.exe C:\Users\asdzx\AppData\Roaming\npm\node_modules\firebase-tools\lib\bin\firebase.js init
[debug] [2024-08-12T05:04:34.468Z] CLI Version:   13.14.2
[debug] [2024-08-12T05:04:34.469Z] Platform:      win32
[debug] [2024-08-12T05:04:34.469Z] Node Version:  v22.5.1
[debug] [2024-08-12T05:04:34.469Z] Time:          Mon Aug 12 2024 14:04:34 GMT+0900 (대한민국 표준시)
[debug] [2024-08-12T05:04:34.469Z] ----------------------------------------------------------------------
[debug] 
[debug] [2024-08-12T05:04:34.471Z] >>> [apiv2][query] GET https://firebase-public.firebaseio.com/cli.json [none]
[debug] [2024-08-12T05:04:34.518Z] > command requires scopes: ["email","openid","https://www.googleapis.com/auth/cloudplatformprojects.readonly","https://www.googleapis.com/auth/firebase","https://www.googleapis.com/auth/cloud-platform"]
[debug] [2024-08-12T05:04:34.519Z] > authorizing via signed-in user (laundryking1zo@gmail.com)
[info] 
     ######## #### ########  ######## ########     ###     ######  ########
     ##        ##  ##     ## ##       ##     ##  ##   ##  ##       ##
     ######    ##  ########  ######   ########  #########  ######  ######
     ##        ##  ##    ##  ##       ##     ## ##     ##       ## ##
     ##       #### ##     ## ######## ########  ##     ##  ######  ########

You're about to initialize a Firebase project in this directory:

  C:\Users\asdzx\Desktop\project\Laundry_King\laundryking_real

[debug] [2024-08-12T05:04:34.920Z] <<< [apiv2][status] GET https://firebase-public.firebaseio.com/cli.json 200
[debug] [2024-08-12T05:04:34.920Z] <<< [apiv2][body] GET https://firebase-public.firebaseio.com/cli.json {"cloudBuildErrorAfter":1594252800000,"cloudBuildWarnAfter":1590019200000,"defaultNode10After":1594252800000,"minVersion":"3.0.5","node8DeploysDisabledAfter":1613390400000,"node8RuntimeDisabledAfter":1615809600000,"node8WarnAfter":1600128000000}
